Using pre-set license
Built from '2021.1/staging' branch; Version is '2021.1.3f1 (4bef613afd59) revision 4976481'; Using compiler version '192528614'; Build Type 'Release'
OS: 'Windows 10 Home; OS build 19042.928; Version 2009; 64bit' Language: 'en' Physical Memory: 16249 MB
BatchMode: 1, IsHumanControllingUs: 0, StartBugReporterOnCrash: 0, Is64bit: 1, IsPro: 0

 COMMAND LINE ARGUMENTS:
C:\Program Files\Unity\Hub\Editor\2021.1.3f1\Editor\Unity.exe
-adb2
-batchMode
-noUpm
-name
AssetImportWorker0
-projectPath
D:/Repos/Unity2D/Text101/Playing with Spites
-logFile
Logs/AssetImportWorker0.log
-srvPort
54704
Successfully changed project path to: D:/Repos/Unity2D/Text101/Playing with Spites
D:/Repos/Unity2D/Text101/Playing with Spites
Using Asset Import Pipeline V2.
Refreshing native plugins compatible for Editor in 115.83 ms, found 2 plugins.
Preloading 0 native plugins for Editor in 0.00 ms.
Initialize engine version: 2021.1.3f1 (4bef613afd59)
[Subsystems] Discovering subsystems at path C:/Program Files/Unity/Hub/Editor/2021.1.3f1/Editor/Data/Resources/UnitySubsystems
[Subsystems] Discovering subsystems at path D:/Repos/Unity2D/Text101/Playing with Spites/Assets
GfxDevice: creating device client; threaded=0; jobified=0
Direct3D:
    Version:  Direct3D 11.0 [level 11.1]
    Renderer: NVIDIA GeForce GTX 1060 with Max-Q Design (ID=0x1c20)
    Vendor:   NVIDIA
    VRAM:     6052 MB
    Driver:   27.21.14.5771
Initialize mono
Mono path[0] = 'C:/Program Files/Unity/Hub/Editor/2021.1.3f1/Editor/Data/Managed'
Mono path[1] = 'C:/Program Files/Unity/Hub/Editor/2021.1.3f1/Editor/Data/MonoBleedingEdge/lib/mono/unityjit'
Mono config path = 'C:/Program Files/Unity/Hub/Editor/2021.1.3f1/Editor/Data/MonoBleedingEdge/etc'
Using monoOptions --debugger-agent=transport=dt_socket,embedding=1,server=y,suspend=n,address=127.0.0.1:56120
Begin MonoManager ReloadAssembly
Registering precompiled unity dll's ...
Register platform support module: C:/Program Files/Unity/Hub/Editor/2021.1.3f1/Editor/Data/PlaybackEngines/WebGLSupport/UnityEditor.WebGL.Extensions.dll
Register platform support module: C:/Program Files/Unity/Hub/Editor/2021.1.3f1/Editor/Data/PlaybackEngines/WindowsStandaloneSupport/UnityEditor.WindowsStandalone.Extensions.dll
Registered in 0.002697 seconds.
Native extension for WindowsStandalone target not found
Native extension for WebGL target not found
Refreshing native plugins compatible for Editor in 117.28 ms, found 2 plugins.
Preloading 0 native plugins for Editor in 0.00 ms.
Mono: successfully reloaded assembly
- Completed reload, in  2.458 seconds
Platform modules already initialized, skipping
Registering precompiled user dll's ...
Registered in 0.004587 seconds.
Begin MonoManager ReloadAssembly
Native extension for WindowsStandalone target not found
Native extension for WebGL target not found
Refreshing native plugins compatible for Editor in 116.27 ms, found 2 plugins.
Preloading 0 native plugins for Editor in 0.00 ms.
Mono: successfully reloaded assembly
- Completed reload, in  1.427 seconds
Platform modules already initialized, skipping
========================================================================
Worker process is ready to serve import requests
Launched and connected shader compiler UnityShaderCompiler.exe after 0.06 seconds
Refreshing native plugins compatible for Editor in 0.67 ms, found 2 plugins.
Preloading 0 native plugins for Editor in 0.00 ms.
Unloading 3370 Unused Serialized files (Serialized files now loaded: 0)
System memory in use before: 127.9 MB.
System memory in use after: 128.0 MB.

Unloading 29 unused Assets to reduce memory usage. Loaded Objects now: 3822.
Total: 3.136800 ms (FindLiveObjects: 0.379500 ms CreateObjectMapping: 0.375800 ms MarkObjects: 2.218000 ms  DeleteObjects: 0.162600 ms)

========================================================================
Received Import Request.
  path: Assets
  artifactKey: Guid(00000000000000001000000000000000) Importer(815301076,1909f56bfc062723c751e8b465ee728b)
Start importing Assets using Guid(00000000000000001000000000000000) Importer(815301076,1909f56bfc062723c751e8b465ee728b)  -> (artifact id: 'efcc68737208a1d7a8581e190ec11b99') in 0.011189 seconds 
========================================================================
Received Import Request.
  Time since last request: 61.010839 seconds.
  path: Assets/Square.png
  artifactKey: Guid(7517439562d287f4ea5dc0d68d31b8e0) Importer(815301076,1909f56bfc062723c751e8b465ee728b)
Start importing Assets/Square.png using Guid(7517439562d287f4ea5dc0d68d31b8e0) Importer(815301076,1909f56bfc062723c751e8b465ee728b)  -> (artifact id: 'cf470c62cc0a4313fcb5b02be3576ea2') in 0.411389 seconds 
========================================================================
Received Import Request.
  Time since last request: 224.077133 seconds.
  path: Assets/Circle.png
  artifactKey: Guid(cd1962459a4b9a84d974ab0a8f5856f1) Importer(815301076,1909f56bfc062723c751e8b465ee728b)
Start importing Assets/Circle.png using Guid(cd1962459a4b9a84d974ab0a8f5856f1) Importer(815301076,1909f56bfc062723c751e8b465ee728b)  -> (artifact id: 'a896cfed065e328fd27ab1b22e36057c') in 0.101624 seconds 
========================================================================
Received Import Request.
  Time since last request: 403.046015 seconds.
  path: Assets/Square 1.png
  artifactKey: Guid(f6e995efc29a86948a2162c4b8032cde) Importer(815301076,1909f56bfc062723c751e8b465ee728b)
Start importing Assets/Square 1.png using Guid(f6e995efc29a86948a2162c4b8032cde) Importer(815301076,1909f56bfc062723c751e8b465ee728b)  -> (artifact id: '75fa648a9652c8c0bc68cc18cd4760a2') in 0.127463 seconds 
========================================================================
Received Import Request.
  Time since last request: 64.909471 seconds.
  path: Assets/IsometricDiamond.png
  artifactKey: Guid(ec79301f1dc80c9469f3ed12c9c6b608) Importer(815301076,1909f56bfc062723c751e8b465ee728b)
Start importing Assets/IsometricDiamond.png using Guid(ec79301f1dc80c9469f3ed12c9c6b608) Importer(815301076,1909f56bfc062723c751e8b465ee728b)  -> (artifact id: '4deffd22aa8ccefb9885ad5c9e624843') in 0.017143 seconds 
========================================================================
Received Import Request.
  Time since last request: 46.549383 seconds.
  path: Assets/Scenes
  artifactKey: Guid(2b0db78039153714d8d0cd19990f61ad) Importer(815301076,1909f56bfc062723c751e8b465ee728b)
Start importing Assets/Scenes using Guid(2b0db78039153714d8d0cd19990f61ad) Importer(815301076,1909f56bfc062723c751e8b465ee728b)  -> (artifact id: '3463d223eb9993e4f2b10e64493a5716') in 0.007275 seconds 
========================================================================
Received Import Request.
  Time since last request: 413.224235 seconds.
  path: Assets/Square 2.png
  artifactKey: Guid(da87d5671eb41464186375116cc7cab1) Importer(815301076,1909f56bfc062723c751e8b465ee728b)
Start importing Assets/Square 2.png using Guid(da87d5671eb41464186375116cc7cab1) Importer(815301076,1909f56bfc062723c751e8b465ee728b)  -> (artifact id: '7c36fbb233baef50422651bba8b13231') in 0.104424 seconds 
AssetImportWorkerClient::OnTransportError - code=2 error=End of file
